<?xml version="1.0" encoding="UTF-8"?>
<!-- Generated by org.testng.reporters.JUnitReportReporter -->
<testsuite hostname="AMILTPBLR364" name="com.crm.qa.testcases.LoginpageTest" tests="1" failures="0" timestamp="16 Oct 2018 09:33:05 GMT" time="15.575" errors="0">
  <testcase name="loginTest" time="15.575" classname="com.crm.qa.testcases.LoginpageTest"/>
</testsuite> <!-- com.crm.qa.testcases.LoginpageTest -->
