<?xml version="1.0" encoding="UTF-8"?>
<!-- Generated by org.testng.reporters.JUnitReportReporter -->
<testsuite hostname="AMILTPBLR364" name="com.crm.qa.testcases.HomepageTest" tests="5" failures="0" timestamp="15 Oct 2018 18:46:13 GMT" time="109.492" errors="0">
  <testcase name="validatetitle" time="21.789" classname="com.crm.qa.testcases.HomepageTest"/>
  <testcase name="navigateToTasks" time="21.479" classname="com.crm.qa.testcases.HomepageTest"/>
  <testcase name="navigateToDeals" time="22.050" classname="com.crm.qa.testcases.HomepageTest"/>
  <testcase name="usernameTest" time="22.050" classname="com.crm.qa.testcases.HomepageTest"/>
  <testcase name="navigateToContacts" time="22.124" classname="com.crm.qa.testcases.HomepageTest"/>
</testsuite> <!-- com.crm.qa.testcases.HomepageTest -->
